7

13
11

25
19

37
55
47
41
59
61

91
115
109
97
67
103

253
185
211
239
171
137
247
145
213
131
241
193
167
191
157
203
143
229

357
391
351
355
463
333
285
397
361
501
425
301
451
369
487
299

661
995
949
631
973
677
539
827
883
647
877
529
817
847
545
695
985
787
719
1001
637
803
971
607
675
601
895
981
623
617
859
761
911
563
875
967
731
1019
557
701
799
757
901
953
865
687
721
789

1917
1663
1153
1759
1069
1423
1673
1573
1939
1431
1815
1557
1347
1387
1717
1125
1891
1479
1729
1221
1863
1531
1367
1657
2011
1527
2035
1163
1441
1789
1293
1825
1063
1413
1305
1051
1329
1933
1555
1849
1341
1969
1821
1591
1603
1135
1509
1255
1869
1615
1267
1881
1627
1747
1239
2041
1877
1279
1033
1315

2421
3573
3159
2717
3995
2811
3559
2739
3017
3613
3707
3305
4013
3263
3635
2687
2317
2657
4045
2071
3223
2385
3047
3439
3771
3367
2217
3957
2503
2825
2489
3227
2793
3413
2475
3399
2207
2579
3731
2093
2521
2783
3617
2365
3103
3517
2669
3947
3889
2435
3417
2941
3679
3277
2927
2161
4021
2053
3205
3331
2147
3299
4007
2293
2419
2279
2601
2551
3209
3005
2633
3743
2189
2283
2991
2225
2905
2561
3713
2891
2833
3985
2801
2447
2693
3037
3085
2819
3971
3179
2257
3357
2965
3697
2951
3343
3933
3589
2431
3553
3285
2119
2533
3271
2955
3543
2091
3865
2681
3833
2363
3515
3851
3747
2799
2741
2867
2395
2727
3547
3709
2255
2197
2323
3475
2999
2773
3623
4051
3895
3187
2341
3669
2731
2917
3393
4069
3655
3319
3641
2373
3627
2705
3097
2345
3083
3497
3035
3229
2879
2171
2963
4073
3659
2477
3805
3251
2377
3487
3529
3053
3791
2581
3827
3373
2273
2567
2911
2881
3283
3949
3991
3169
3441
2149
3427

7327
6683
7491
5213
4219
4977
5573
6079
5033
4359
6453
8125
5027
7701
6707
7303
4201
6427
5237
5199
6005
5293
8089
6061
7245
5957
5287
5405
4411
6699
7333
4305
7907
6025
4735
7355
6067
7705
8123
5223
7123
6383
4439
7727
4893
5611
4793
5391
6589
4485
5641
4387
5955
6943
8049
7105
4711
6795
7431
4431
4331
4927
5821
5717
4723
4879
7375
7365
7823
5331
4531
6577
6539
6501
6931
6761
5703
4575
6901
5797
5721
7749
4921
6523
5909
7369
6081
6465
8137
7411
6865
7761
6295
7191
7557
6923
7459
5453
5523
4459
7783
4449
6237
4811
5175
7541
6607
4801
6231
4897
4569
5127
7103
6999
7795
4249
7173
4221
5017
5913
7515
7505
4941
4669
7561
6289
7963
7185
4621
7057
4663
7953
5597
6631
4383
6881
5591
7207
4179
7079
7975
5169
6601
6329

13431
13781
14599
9687
11495
9101
9409
15643
12109
10025
9905
16201
8489
10453
15373
14125
12107
9415
10571
11279
11377
12469
9911
8495
16087
14671
13303
15167
9297
15825
14889
9303
13031
11461
14895
12809
14305
12769
13477
15243
14513
8675
11955
10539
15559
12815
8461
15347
13969
11701
13269
12433
15077
9875
15793
12029
14193
14095
12559
12657
16121
10099
14585
9621
12027
15799
10491
14199
8293
10865
10767
12263
11427
12995
11773
12505
16355
15865
12041
14965
8641
15527
10505
11921
14277
9137
16141
12741
12391
15313
14963
9347
10183
9343
8647
10511
11927
13435
13785
13447
15593
9143
14603
9571
11499
10949
12883
10615
11873
15765
13513
9917
9209
15973
8381
16093
9419
9235
10071
11999
14163
10145
10343
10463
8379
13307
12479
10691
9661
14929
15491
15717
14243
13753
11187
12707
11623
8943
8759
9109
15287
15835
10917
13637
10581
13407
16209
11961
15381
11261
12781
12597
8825
13207
16061
10223
12197
16215
15379
12929
12779
10431
9881
10309
15937
14753
8831
15359
14523
13861
10805
13981
10105
15081
8569
9277
8231
14759
10987
8351
15453
13979
10803
11589
9505
8909
10115
9625
15681
12269
13605
9833
12667
11159
10549
13725
14641
9631
10877
11439
15531
16183
8303
8653
14831
8469
10875
11225
11933
12745
10187
10003
15205
8797
13241
12889
10625
10275
13677
14287
10621
9147
9733
8795
15203
14725
14375
13825
11327
9731
15053
16259
15649
10077
15419
12969
9031
14723
15977
12295
14441
9247
11883
12049
11405
10513
13339
12639
14797
13897
12713
11403
12239
12361
12055
8765
9803
15721
14941
14795
15503
12857
14611
12367
15291
15877
10921
14341
12121
11075
11783
10247
8999
14137
14339
13211
12127
8841
10043
13647
8507
11849
15391
9773
14765
15619
12207
11855
10671
16299
14909
9071
8585
8951
14411
13871
11045
12335
11473
8729
15257
9517
10225
8689
9397
15693
14219
11043
11163
12829
16189
8965
11479
12095
14323
10559
14985
12787
11817
8417
11117
13063
12517
14107
14051
10995
13561
15915
16265
15215
11561
10781
12277
10741
15661
13835
11009
11567
13941
13795
10739
13015
9481
9847
16375
14839
14289
13939
13581
16153
16097
14561
9585
10523
10467
14295
13459
16159
15613
11081
9591
15881
12481
13683
9313
9923
15611
15061
8387
9003
11747
10357
10967
8883
15887
14449
15059
9669
13103
15847
11533
12983
13531
11413
13905
11637
10711
9811
8275
14803
9185
12727
8955
8357
16069
10929
9557
12449
13285
15149
11055
9555
13283
13501
15147
9407
8699
12209
13729
13377
12799
9073
16309
8245
8855
15811
12947
13173
9963
10679
10129
15955
14063
11237
14229
12527
15099
8599
13801
11453
12901
13617
16035
15545
16381
9707
14499
15335
14845
12287
13249
12409
13019
11329
13807
13623
9851
9253
9863
9373
10473
13465
10289
14301
11687
13255
12415
15217
10207
9371
8551
8671
12181
12643
13351
12763
9745
16273
8393
9045
15223
14387
9607
13137
13695
10643
12309
14945
9325
15669
13417
14027
14743
10971
10373
11575
8895
15851
14951
15667
15071
12987
12133
11297
12253
10169
13773
16225
9817
9123
8771
15397
15517
9679
9495
15395
15745
15741
8639
14695
14145
13915
11797
10445
9197
14537
13997
8515
11795
14151
15033
13661
12615
8367
15469
15187
14543
14359
8741
15269
15039
12953
11869
10685
13389
9085
8859
9647
14425
12097
11867
15639
12839
12959
10561
9791
16197
9095
8605
14113
14233
13883
10413
9529
15157
16195
11947
10411
11063
11611
8333
10785
13077
11341
9257
9973
8331
11691
11141
10301
10091
8555
8435
15439
10299
11135
16165
9049
15935
9611
10857
13149
12313
10655
8219
10863
11579
14085
11029
13855
9129
12549
15121
9501
12137
11919
11309
16011
14701
9443
13227
11657
11307
12875
13599
13543
14579
13321
10755
10265
11663
11761
14037
12621
15193
9227
10063
14855
14365
12037
14035
10271
15899
12499
14593
11181
10829
11545
11489
15273

27877
20861
19761
16467
31891
27245
31259
21627
22037
23071
24889
30161
20383
16479
19193
27735
23577
17101
21891
23007
32597
17817
18303
31191
29443
19107
26487
26001
24327
23995
30291
20713
32179
20253
31065
18085
28701
28897
28437
23781
28649
26821
30303
16553
17389
26905
21403
28977
29587
29377
18717
19621
18913
24471
25435
21189
30579
17879
20319
27113
32671
28503
21905
24345
28989
29389
28289
17753
30105
31477
16619
17029
22935
32115
27243
22189
25229
19405
30925
23713
25867
27589
27239
27317
20641
20393
16699
21971
17099
28355
21339
28841
23077
23017
25505
30443
17095
24193
20041
28225
18857
20511
26283
27041
17823
20459
30313
17387
22335
23493
26279
23221
23859
21187
27253
27521
20329
25583
24747
19333
16559
32055
20099
27533
30457
27183
28983
28381
29605
22187
22945
25309
18019
18369
25453
30371
18793
19403
25947
30923
26219
28295
27315
19969
31993
29901
18563
21785
30383
22593
23157
28169
26293
22057
19905
27327
19273
32743
31907
24417
31275
16909
21201
27833
21993
24683
24761
30999
18997
19645
16573
28101
17327
27829
20035
24679
21131
17185
23491
28457
18033
20517
30307
27051
16627
19067
30937
17829
31789
17053
31419
22469
28309
21489
22749
26029
18499
19413
25665
31415
26147
26497
20179
20997
21645
17959
32269
28379
18733
25307
23101
19581
21415
20335
17895
32205
31285
16427
22263
24217
20049
25303
21145
26095
21289
32545
24135
27695
26987
17621
21285
21933
22951
24623
32413
29263
22681
25739
29979
31999
23673
16571
24283
24427
22677
27467
22063
24755
32467
21433
17973
30187
24279
31631
25609
27463
20123
16441
17277
29407
28797
22467
22195
29629
24897
25461
23949
25379
18043
19781
31783
31153
26577
24067
21725
27709
22965
17475
24637
25247
30663
19423
22065
31087
24079
27607
26771
23449
23099
19989
21007
30537
20411
30265
20201
16507
16857
27763
29695
28859
17129
25671
24015
22531
23743
32625
26783
32199
20407
26927
31927
18457
16853
20197
24437
23601
31567
31295
24355
26641
27395
17619
25535
30197
28243
30115
19855
28465
29483
26041
25393
26653
32069
31089
31699
16983
17631
17775
29479
27913
24841
32281
30677
18523
29985
18745
19145
16653
21575
26707
26443
20945
26171
17907
31569
17419
18255
29775
19351
31015
20875
21439
16707
17919
31581
32485
29413
26103
23311
19791
19519
25257
30741
16797
26995
24381
27617
32001
29919
25253
18807
17707
30141
23813
23233
19291
27629
26793
17123
21507
25759
18451
26789
20207
19073
22007
17135
19793
21519
20889
32145
28723
16993
18659
21881
23957
28475
23521
30675
17847
31099
20077
22487
24091
17215
22911
25399
26047
17721
18529
22361
19361
21663
20955
21807
27339
18117
32483
29215
28409
24295
21223
30475
16795
26385
29151
31361
27841
20825
21729
22763
29717
32353
19653
18409
29929
31373
27415
21093
22759
24991
28335
32575
18405
22419
22209
24849
30959
29787
31427
21599
31649
22221
27497
28205
29425
19165
19083
23745
19309
30829
26463
24309
23113
27267
21155
17635
20075
25069
27987
17353
29083
32427
19079
28873
25623
23319
23109
23757
25187
23531
30075
32151
19441
31715
21887
25831
27137
27641
22691
30071
24713
25199
28953
19597
19371
23837
25915
23257
24109
23401
32021
21037
22703
32233
28949
18127
18535
25911
23253
25331
22561
29715
30551
20973
20819
21527
26395
29157
21169
19885
16591
30757
27847
20831
16813
16659
32709
24997
31729
18415
29287
25845
25213
26879
19743
25481
19307
31177
19385
27927
21815
26329
31659
22215
26473
28199
29805
23755
23107
26243
23977
19665
31939
31307
29431
27217
29089
28009
20901
19451
23625
28879
24189
28005
28615
24789
22783
32373
25271
28947
29949
29867
23251
23395
26531
26125
30417
20971
19465
17861
19321
16881
18343
32303
32653
31673
18895
29581
30573
31105
28067
27517
25077
31953
27435
17991
17659
24589
29363
28283
28633
16807
23683
20693
27287
21447
19531
31317
25007
31883
31235
17023
21953
22029
18139
19527
29803
29233
24389
17287
22447
24733
27369
24877
32589
31609
18559
17161
30631
28417
23971
26335
26743
20981
18009
23339
27575
31749
30769
32253
31523
18823
28677
28003
28081
27227
22581
32721
22317
27449
19671
30279
29649
27023
32167
16821
31053
30781
26205
28093
32383
32651
17935
28561
22371
28211
26119
25489
25139
19541
19963
20023
19315
20781
31893
17301
31457
28495
22461
32521
30645
18491
31197
29449
21893
20913
23353
22927
29035
31111
25925
26263
23919
19829
30293
27037
24387
29109
28639
21691
27947
17523
24957
31833
29875
17949
29243
23645
23563
20573
20309
21405
32251
30159
29179
26069
22171
22397
23559
21561
23415
22579
22315
20487
18225
20991
19891
19485
27375
29175
21557
28091
27443
24597
22863
22591
22941
32121
25019
30367
19255
19045
19693
24543
25857

